0 info it worked if it ends with ok
1 verbose cli [ '/Users/jamesonknoll/.nvm/versions/node/v7.7.2/bin/node',
1 verbose cli   '/Users/jamesonknoll/.nvm/versions/node/v7.7.2/bin/npm',
1 verbose cli   'install',
1 verbose cli   '-g',
1 verbose cli   'contextify' ]
2 info using npm@4.1.2
3 info using node@v7.7.2
4 warn install Usage of the `--dev` option is deprecated. Use `--only=dev` instead.
5 silly loadCurrentTree Starting
6 silly install loadCurrentTree
7 silly install readGlobalPackageData
8 silly fetchPackageMetaData contextify
9 silly fetchNamedPackageData contextify
10 silly mapToRegistry name contextify
11 silly mapToRegistry using default registry
12 silly mapToRegistry registry http://registry.npm.taobao.org/
13 silly mapToRegistry data Result {
13 silly mapToRegistry   raw: 'contextify',
13 silly mapToRegistry   scope: null,
13 silly mapToRegistry   escapedName: 'contextify',
13 silly mapToRegistry   name: 'contextify',
13 silly mapToRegistry   rawSpec: '',
13 silly mapToRegistry   spec: 'latest',
13 silly mapToRegistry   type: 'tag' }
14 silly mapToRegistry uri http://registry.npm.taobao.org/contextify
15 verbose request uri http://registry.npm.taobao.org/contextify
16 verbose request no auth needed
17 info attempt registry request try #1 at 5:19:15 PM
18 verbose request id e2dc0b37e384d147
19 http request GET http://registry.npm.taobao.org/contextify
20 http 200 http://registry.npm.taobao.org/contextify
21 verbose headers { server: 'nginx/1.4.6 (Ubuntu)',
21 verbose headers   date: 'Fri, 10 Mar 2017 09:19:16 GMT',
21 verbose headers   'content-type': 'application/json; charset=utf-8',
21 verbose headers   'transfer-encoding': 'chunked',
21 verbose headers   connection: 'keep-alive',
21 verbose headers   'x-current-requests': '1',
21 verbose headers   'x-readtime': '19',
21 verbose headers   'content-encoding': 'gzip' }
22 silly get cb [ 200,
22 silly get   { server: 'nginx/1.4.6 (Ubuntu)',
22 silly get     date: 'Fri, 10 Mar 2017 09:19:16 GMT',
22 silly get     'content-type': 'application/json; charset=utf-8',
22 silly get     'transfer-encoding': 'chunked',
22 silly get     connection: 'keep-alive',
22 silly get     'x-current-requests': '1',
22 silly get     'x-readtime': '19',
22 silly get     'content-encoding': 'gzip' } ]
23 verbose get saving contextify to /Users/jamesonknoll/.npm/registry.npm.taobao.org/contextify/.cache.json
24 verbose correctMkdir /Users/jamesonknoll/.npm correctMkdir not in flight; initializing
25 silly install normalizeTree
26 silly loadCurrentTree Finishing
27 silly loadIdealTree Starting
28 silly install loadIdealTree
29 silly cloneCurrentTree Starting
30 silly install cloneCurrentTreeToIdealTree
31 silly cloneCurrentTree Finishing
32 silly loadShrinkwrap Starting
33 silly install loadShrinkwrap
34 silly loadShrinkwrap Finishing
35 silly loadAllDepsIntoIdealTree Starting
36 silly install loadAllDepsIntoIdealTree
37 silly resolveWithNewModule contextify@0.1.15 checking installable status
38 silly cache add args [ 'contextify', null ]
39 verbose cache add spec contextify
40 silly cache add parsed spec Result {
40 silly cache add   raw: 'contextify',
40 silly cache add   scope: null,
40 silly cache add   escapedName: 'contextify',
40 silly cache add   name: 'contextify',
40 silly cache add   rawSpec: '',
40 silly cache add   spec: 'latest',
40 silly cache add   type: 'tag' }
41 silly addNamed contextify@latest
42 verbose addNamed "latest" is being treated as a dist-tag for contextify
43 info addNameTag [ 'contextify', 'latest' ]
44 silly mapToRegistry name contextify
45 silly mapToRegistry using default registry
46 silly mapToRegistry registry http://registry.npm.taobao.org/
47 silly mapToRegistry data Result {
47 silly mapToRegistry   raw: 'contextify',
47 silly mapToRegistry   scope: null,
47 silly mapToRegistry   escapedName: 'contextify',
47 silly mapToRegistry   name: 'contextify',
47 silly mapToRegistry   rawSpec: '',
47 silly mapToRegistry   spec: 'latest',
47 silly mapToRegistry   type: 'tag' }
48 silly mapToRegistry uri http://registry.npm.taobao.org/contextify
49 verbose addNameTag registry:http://registry.npm.taobao.org/contextify not in flight; fetching
50 verbose get http://registry.npm.taobao.org/contextify not expired, no request
51 silly addNameTag next cb for contextify with tag latest
52 silly addNamed contextify@0.1.15
53 verbose addNamed "0.1.15" is a plain semver version for contextify
54 silly cache afterAdd contextify@0.1.15
55 verbose afterAdd /Users/jamesonknoll/.npm/contextify/0.1.15/package/package.json not in flight; writing
56 verbose correctMkdir /Users/jamesonknoll/.npm correctMkdir not in flight; initializing
57 verbose afterAdd /Users/jamesonknoll/.npm/contextify/0.1.15/package/package.json written
58 silly fetchNamedPackageData bindings
59 silly mapToRegistry name bindings
60 silly mapToRegistry using default registry
61 silly mapToRegistry registry http://registry.npm.taobao.org/
62 silly mapToRegistry data Result {
62 silly mapToRegistry   raw: 'bindings',
62 silly mapToRegistry   scope: null,
62 silly mapToRegistry   escapedName: 'bindings',
62 silly mapToRegistry   name: 'bindings',
62 silly mapToRegistry   rawSpec: '',
62 silly mapToRegistry   spec: 'latest',
62 silly mapToRegistry   type: 'tag' }
63 silly mapToRegistry uri http://registry.npm.taobao.org/bindings
64 silly fetchNamedPackageData nan
65 silly mapToRegistry name nan
66 silly mapToRegistry using default registry
67 silly mapToRegistry registry http://registry.npm.taobao.org/
68 silly mapToRegistry data Result {
68 silly mapToRegistry   raw: 'nan',
68 silly mapToRegistry   scope: null,
68 silly mapToRegistry   escapedName: 'nan',
68 silly mapToRegistry   name: 'nan',
68 silly mapToRegistry   rawSpec: '',
68 silly mapToRegistry   spec: 'latest',
68 silly mapToRegistry   type: 'tag' }
69 silly mapToRegistry uri http://registry.npm.taobao.org/nan
70 verbose request uri http://registry.npm.taobao.org/bindings
71 verbose request no auth needed
72 info attempt registry request try #1 at 5:19:17 PM
73 http request GET http://registry.npm.taobao.org/bindings
74 verbose request uri http://registry.npm.taobao.org/nan
75 verbose request no auth needed
76 info attempt registry request try #1 at 5:19:17 PM
77 http request GET http://registry.npm.taobao.org/nan
78 http 200 http://registry.npm.taobao.org/bindings
79 verbose headers { server: 'nginx/1.4.6 (Ubuntu)',
79 verbose headers   date: 'Fri, 10 Mar 2017 09:19:17 GMT',
79 verbose headers   'content-type': 'application/json; charset=utf-8',
79 verbose headers   'transfer-encoding': 'chunked',
79 verbose headers   connection: 'keep-alive',
79 verbose headers   'x-current-requests': '1',
79 verbose headers   'x-readtime': '70',
79 verbose headers   'content-encoding': 'gzip' }
80 silly get cb [ 200,
80 silly get   { server: 'nginx/1.4.6 (Ubuntu)',
80 silly get     date: 'Fri, 10 Mar 2017 09:19:17 GMT',
80 silly get     'content-type': 'application/json; charset=utf-8',
80 silly get     'transfer-encoding': 'chunked',
80 silly get     connection: 'keep-alive',
80 silly get     'x-current-requests': '1',
80 silly get     'x-readtime': '70',
80 silly get     'content-encoding': 'gzip' } ]
81 verbose get saving bindings to /Users/jamesonknoll/.npm/registry.npm.taobao.org/bindings/.cache.json
82 verbose correctMkdir /Users/jamesonknoll/.npm correctMkdir not in flight; initializing
83 silly pickManifestFromRegistryMetadata spec >=1.2.1 <2.0.0 tag latest versions [ '1.2.1',
83 silly pickManifestFromRegistryMetadata   '1.2.0',
83 silly pickManifestFromRegistryMetadata   '1.1.1',
83 silly pickManifestFromRegistryMetadata   '1.1.0',
83 silly pickManifestFromRegistryMetadata   '1.0.0',
83 silly pickManifestFromRegistryMetadata   '0.4.0',
83 silly pickManifestFromRegistryMetadata   '0.3.0',
83 silly pickManifestFromRegistryMetadata   '0.2.4',
83 silly pickManifestFromRegistryMetadata   '0.2.3',
83 silly pickManifestFromRegistryMetadata   '0.2.2',
83 silly pickManifestFromRegistryMetadata   '0.2.1',
83 silly pickManifestFromRegistryMetadata   '0.2.0',
83 silly pickManifestFromRegistryMetadata   '0.1.1',
83 silly pickManifestFromRegistryMetadata   '0.1.0',
83 silly pickManifestFromRegistryMetadata   '0.0.1' ]
84 silly resolveWithNewModule bindings@1.2.1 checking installable status
85 silly cache add args [ 'bindings@^1.2.1', null ]
86 verbose cache add spec bindings@^1.2.1
87 silly cache add parsed spec Result {
87 silly cache add   raw: 'bindings@^1.2.1',
87 silly cache add   scope: null,
87 silly cache add   escapedName: 'bindings',
87 silly cache add   name: 'bindings',
87 silly cache add   rawSpec: '^1.2.1',
87 silly cache add   spec: '>=1.2.1 <2.0.0',
87 silly cache add   type: 'range' }
88 silly addNamed bindings@>=1.2.1 <2.0.0
89 verbose addNamed ">=1.2.1 <2.0.0" is a valid semver range for bindings
90 silly addNameRange { name: 'bindings', range: '>=1.2.1 <2.0.0', hasData: false }
91 silly mapToRegistry name bindings
92 silly mapToRegistry using default registry
93 silly mapToRegistry registry http://registry.npm.taobao.org/
94 silly mapToRegistry data Result {
94 silly mapToRegistry   raw: 'bindings',
94 silly mapToRegistry   scope: null,
94 silly mapToRegistry   escapedName: 'bindings',
94 silly mapToRegistry   name: 'bindings',
94 silly mapToRegistry   rawSpec: '',
94 silly mapToRegistry   spec: 'latest',
94 silly mapToRegistry   type: 'tag' }
95 silly mapToRegistry uri http://registry.npm.taobao.org/bindings
96 verbose addNameRange registry:http://registry.npm.taobao.org/bindings not in flight; fetching
97 verbose get http://registry.npm.taobao.org/bindings not expired, no request
98 silly addNameRange number 2 { name: 'bindings', range: '>=1.2.1 <2.0.0', hasData: true }
99 silly addNameRange versions [ 'bindings',
99 silly addNameRange   [ '1.2.1',
99 silly addNameRange     '1.2.0',
99 silly addNameRange     '1.1.1',
99 silly addNameRange     '1.1.0',
99 silly addNameRange     '1.0.0',
99 silly addNameRange     '0.4.0',
99 silly addNameRange     '0.3.0',
99 silly addNameRange     '0.2.4',
99 silly addNameRange     '0.2.3',
99 silly addNameRange     '0.2.2',
99 silly addNameRange     '0.2.1',
99 silly addNameRange     '0.2.0',
99 silly addNameRange     '0.1.1',
99 silly addNameRange     '0.1.0',
99 silly addNameRange     '0.0.1' ] ]
100 silly pickManifestFromRegistryMetadata spec >=1.2.1 <2.0.0 tag latest versions [ '1.2.1',
100 silly pickManifestFromRegistryMetadata   '1.2.0',
100 silly pickManifestFromRegistryMetadata   '1.1.1',
100 silly pickManifestFromRegistryMetadata   '1.1.0',
100 silly pickManifestFromRegistryMetadata   '1.0.0',
100 silly pickManifestFromRegistryMetadata   '0.4.0',
100 silly pickManifestFromRegistryMetadata   '0.3.0',
100 silly pickManifestFromRegistryMetadata   '0.2.4',
100 silly pickManifestFromRegistryMetadata   '0.2.3',
100 silly pickManifestFromRegistryMetadata   '0.2.2',
100 silly pickManifestFromRegistryMetadata   '0.2.1',
100 silly pickManifestFromRegistryMetadata   '0.2.0',
100 silly pickManifestFromRegistryMetadata   '0.1.1',
100 silly pickManifestFromRegistryMetadata   '0.1.0',
100 silly pickManifestFromRegistryMetadata   '0.0.1' ]
101 silly addNamed bindings@latest
102 verbose addNamed "latest" is being treated as a dist-tag for bindings
103 info addNameTag [ 'bindings', 'latest' ]
104 silly mapToRegistry name bindings
105 silly mapToRegistry using default registry
106 silly mapToRegistry registry http://registry.npm.taobao.org/
107 silly mapToRegistry data Result {
107 silly mapToRegistry   raw: 'bindings',
107 silly mapToRegistry   scope: null,
107 silly mapToRegistry   escapedName: 'bindings',
107 silly mapToRegistry   name: 'bindings',
107 silly mapToRegistry   rawSpec: '',
107 silly mapToRegistry   spec: 'latest',
107 silly mapToRegistry   type: 'tag' }
108 silly mapToRegistry uri http://registry.npm.taobao.org/bindings
109 verbose addNameTag registry:http://registry.npm.taobao.org/bindings already in flight; waiting
110 silly addNameTag next cb for bindings with tag latest
111 silly addNamed bindings@1.2.1
112 verbose addNamed "1.2.1" is a plain semver version for bindings
113 silly cache afterAdd bindings@1.2.1
114 verbose afterAdd /Users/jamesonknoll/.npm/bindings/1.2.1/package/package.json not in flight; writing
115 verbose correctMkdir /Users/jamesonknoll/.npm correctMkdir not in flight; initializing
116 verbose afterAdd /Users/jamesonknoll/.npm/bindings/1.2.1/package/package.json written
117 http 200 http://registry.npm.taobao.org/nan
118 verbose headers { server: 'nginx/1.4.6 (Ubuntu)',
118 verbose headers   date: 'Fri, 10 Mar 2017 09:19:20 GMT',
118 verbose headers   'content-type': 'application/json; charset=utf-8',
118 verbose headers   'transfer-encoding': 'chunked',
118 verbose headers   connection: 'keep-alive',
118 verbose headers   'x-current-requests': '1',
118 verbose headers   'x-readtime': '201',
118 verbose headers   'content-encoding': 'gzip' }
119 silly get cb [ 200,
119 silly get   { server: 'nginx/1.4.6 (Ubuntu)',
119 silly get     date: 'Fri, 10 Mar 2017 09:19:20 GMT',
119 silly get     'content-type': 'application/json; charset=utf-8',
119 silly get     'transfer-encoding': 'chunked',
119 silly get     connection: 'keep-alive',
119 silly get     'x-current-requests': '1',
119 silly get     'x-readtime': '201',
119 silly get     'content-encoding': 'gzip' } ]
120 verbose get saving nan to /Users/jamesonknoll/.npm/registry.npm.taobao.org/nan/.cache.json
121 verbose correctMkdir /Users/jamesonknoll/.npm correctMkdir not in flight; initializing
122 silly pickManifestFromRegistryMetadata spec >=2.1.0 <3.0.0 tag latest versions [ '2.5.1',
122 silly pickManifestFromRegistryMetadata   '2.5.0',
122 silly pickManifestFromRegistryMetadata   '2.4.0',
122 silly pickManifestFromRegistryMetadata   '2.3.5',
122 silly pickManifestFromRegistryMetadata   '2.3.4',
122 silly pickManifestFromRegistryMetadata   '2.3.3',
122 silly pickManifestFromRegistryMetadata   '2.3.2',
122 silly pickManifestFromRegistryMetadata   '2.3.1',
122 silly pickManifestFromRegistryMetadata   '2.3.0',
122 silly pickManifestFromRegistryMetadata   '2.2.1',
122 silly pickManifestFromRegistryMetadata   '2.2.0',
122 silly pickManifestFromRegistryMetadata   '2.1.0',
122 silly pickManifestFromRegistryMetadata   '2.0.9',
122 silly pickManifestFromRegistryMetadata   '2.0.8',
122 silly pickManifestFromRegistryMetadata   '2.0.7',
122 silly pickManifestFromRegistryMetadata   '2.0.6',
122 silly pickManifestFromRegistryMetadata   '2.0.5',
122 silly pickManifestFromRegistryMetadata   '2.0.4',
122 silly pickManifestFromRegistryMetadata   '2.0.3',
122 silly pickManifestFromRegistryMetadata   '2.0.2',
122 silly pickManifestFromRegistryMetadata   '2.0.1',
122 silly pickManifestFromRegistryMetadata   '2.0.0',
122 silly pickManifestFromRegistryMetadata   '1.9.0',
122 silly pickManifestFromRegistryMetadata   '1.8.4',
122 silly pickManifestFromRegistryMetadata   '1.8.3',
122 silly pickManifestFromRegistryMetadata   '1.8.2',
122 silly pickManifestFromRegistryMetadata   '1.8.1',
122 silly pickManifestFromRegistryMetadata   '1.8.0',
122 silly pickManifestFromRegistryMetadata   '1.7.0',
122 silly pickManifestFromRegistryMetadata   '1.6.2',
122 silly pickManifestFromRegistryMetadata   '1.6.1',
122 silly pickManifestFromRegistryMetadata   '1.5.3',
122 silly pickManifestFromRegistryMetadata   '1.6.0',
122 silly pickManifestFromRegistryMetadata   '1.5.2',
122 silly pickManifestFromRegistryMetadata   '1.5.1',
122 silly pickManifestFromRegistryMetadata   '1.4.3',
122 silly pickManifestFromRegistryMetadata   '1.4.2',
122 silly pickManifestFromRegistryMetadata   '1.5.0',
122 silly pickManifestFromRegistryMetadata   '1.4.1',
122 silly pickManifestFromRegistryMetadata   '1.4.0',
122 silly pickManifestFromRegistryMetadata   '1.3.0',
122 silly pickManifestFromRegistryMetadata   '1.2.0',
122 silly pickManifestFromRegistryMetadata   '1.1.2',
122 silly pickManifestFromRegistryMetadata   '1.1.1',
122 silly pickManifestFromRegistryMetadata   '1.1.0',
122 silly pickManifestFromRegistryMetadata   '1.0.0',
122 silly pickManifestFromRegistryMetadata   '0.8.0',
122 silly pickManifestFromRegistryMetadata   '0.7.1',
122 silly pickManifestFromRegistryMetadata   '0.7.0',
122 silly pickManifestFromRegistryMetadata   '0.6.0',
122 silly pickManifestFromRegistryMetadata   '0.5.2',
122 silly pickManifestFromRegistryMetadata   '0.5.1',
122 silly pickManifestFromRegistryMetadata   '0.5.0',
122 silly pickManifestFromRegistryMetadata   '0.4.4',
122 silly pickManifestFromRegistryMetadata   '0.4.3',
122 silly pickManifestFromRegistryMetadata   '0.4.2',
122 silly pickManifestFromRegistryMetadata   '0.4.1',
122 silly pickManifestFromRegistryMetadata   '0.4.0',
122 silly pickManifestFromRegistryMetadata   '0.3.2',
122 silly pickManifestFromRegistryMetadata   '0.3.1',
122 silly pickManifestFromRegistryMetadata   '0.3.0',
122 silly pickManifestFromRegistryMetadata   '0.3.0-wip2',
122 silly pickManifestFromRegistryMetadata   '0.3.0-wip' ]
123 silly resolveWithNewModule nan@2.5.1 checking installable status
124 silly cache add args [ 'nan@^2.1.0', null ]
125 verbose cache add spec nan@^2.1.0
126 silly cache add parsed spec Result {
126 silly cache add   raw: 'nan@^2.1.0',
126 silly cache add   scope: null,
126 silly cache add   escapedName: 'nan',
126 silly cache add   name: 'nan',
126 silly cache add   rawSpec: '^2.1.0',
126 silly cache add   spec: '>=2.1.0 <3.0.0',
126 silly cache add   type: 'range' }
127 silly addNamed nan@>=2.1.0 <3.0.0
128 verbose addNamed ">=2.1.0 <3.0.0" is a valid semver range for nan
129 silly addNameRange { name: 'nan', range: '>=2.1.0 <3.0.0', hasData: false }
130 silly mapToRegistry name nan
131 silly mapToRegistry using default registry
132 silly mapToRegistry registry http://registry.npm.taobao.org/
133 silly mapToRegistry data Result {
133 silly mapToRegistry   raw: 'nan',
133 silly mapToRegistry   scope: null,
133 silly mapToRegistry   escapedName: 'nan',
133 silly mapToRegistry   name: 'nan',
133 silly mapToRegistry   rawSpec: '',
133 silly mapToRegistry   spec: 'latest',
133 silly mapToRegistry   type: 'tag' }
134 silly mapToRegistry uri http://registry.npm.taobao.org/nan
135 verbose addNameRange registry:http://registry.npm.taobao.org/nan not in flight; fetching
136 verbose get http://registry.npm.taobao.org/nan not expired, no request
137 silly addNameRange number 2 { name: 'nan', range: '>=2.1.0 <3.0.0', hasData: true }
138 silly addNameRange versions [ 'nan',
138 silly addNameRange   [ '2.5.1',
138 silly addNameRange     '2.5.0',
138 silly addNameRange     '2.4.0',
138 silly addNameRange     '2.3.5',
138 silly addNameRange     '2.3.4',
138 silly addNameRange     '2.3.3',
138 silly addNameRange     '2.3.2',
138 silly addNameRange     '2.3.1',
138 silly addNameRange     '2.3.0',
138 silly addNameRange     '2.2.1',
138 silly addNameRange     '2.2.0',
138 silly addNameRange     '2.1.0',
138 silly addNameRange     '2.0.9',
138 silly addNameRange     '2.0.8',
138 silly addNameRange     '2.0.7',
138 silly addNameRange     '2.0.6',
138 silly addNameRange     '2.0.5',
138 silly addNameRange     '2.0.4',
138 silly addNameRange     '2.0.3',
138 silly addNameRange     '2.0.2',
138 silly addNameRange     '2.0.1',
138 silly addNameRange     '2.0.0',
138 silly addNameRange     '1.9.0',
138 silly addNameRange     '1.8.4',
138 silly addNameRange     '1.8.3',
138 silly addNameRange     '1.8.2',
138 silly addNameRange     '1.8.1',
138 silly addNameRange     '1.8.0',
138 silly addNameRange     '1.7.0',
138 silly addNameRange     '1.6.2',
138 silly addNameRange     '1.6.1',
138 silly addNameRange     '1.5.3',
138 silly addNameRange     '1.6.0',
138 silly addNameRange     '1.5.2',
138 silly addNameRange     '1.5.1',
138 silly addNameRange     '1.4.3',
138 silly addNameRange     '1.4.2',
138 silly addNameRange     '1.5.0',
138 silly addNameRange     '1.4.1',
138 silly addNameRange     '1.4.0',
138 silly addNameRange     '1.3.0',
138 silly addNameRange     '1.2.0',
138 silly addNameRange     '1.1.2',
138 silly addNameRange     '1.1.1',
138 silly addNameRange     '1.1.0',
138 silly addNameRange     '1.0.0',
138 silly addNameRange     '0.8.0',
138 silly addNameRange     '0.7.1',
138 silly addNameRange     '0.7.0',
138 silly addNameRange     '0.6.0',
138 silly addNameRange     '0.5.2',
138 silly addNameRange     '0.5.1',
138 silly addNameRange     '0.5.0',
138 silly addNameRange     '0.4.4',
138 silly addNameRange     '0.4.3',
138 silly addNameRange     '0.4.2',
138 silly addNameRange     '0.4.1',
138 silly addNameRange     '0.4.0',
138 silly addNameRange     '0.3.2',
138 silly addNameRange     '0.3.1',
138 silly addNameRange     '0.3.0',
138 silly addNameRange     '0.3.0-wip2',
138 silly addNameRange     '0.3.0-wip' ] ]
139 silly pickManifestFromRegistryMetadata spec >=2.1.0 <3.0.0 tag latest versions [ '2.5.1',
139 silly pickManifestFromRegistryMetadata   '2.5.0',
139 silly pickManifestFromRegistryMetadata   '2.4.0',
139 silly pickManifestFromRegistryMetadata   '2.3.5',
139 silly pickManifestFromRegistryMetadata   '2.3.4',
139 silly pickManifestFromRegistryMetadata   '2.3.3',
139 silly pickManifestFromRegistryMetadata   '2.3.2',
139 silly pickManifestFromRegistryMetadata   '2.3.1',
139 silly pickManifestFromRegistryMetadata   '2.3.0',
139 silly pickManifestFromRegistryMetadata   '2.2.1',
139 silly pickManifestFromRegistryMetadata   '2.2.0',
139 silly pickManifestFromRegistryMetadata   '2.1.0',
139 silly pickManifestFromRegistryMetadata   '2.0.9',
139 silly pickManifestFromRegistryMetadata   '2.0.8',
139 silly pickManifestFromRegistryMetadata   '2.0.7',
139 silly pickManifestFromRegistryMetadata   '2.0.6',
139 silly pickManifestFromRegistryMetadata   '2.0.5',
139 silly pickManifestFromRegistryMetadata   '2.0.4',
139 silly pickManifestFromRegistryMetadata   '2.0.3',
139 silly pickManifestFromRegistryMetadata   '2.0.2',
139 silly pickManifestFromRegistryMetadata   '2.0.1',
139 silly pickManifestFromRegistryMetadata   '2.0.0',
139 silly pickManifestFromRegistryMetadata   '1.9.0',
139 silly pickManifestFromRegistryMetadata   '1.8.4',
139 silly pickManifestFromRegistryMetadata   '1.8.3',
139 silly pickManifestFromRegistryMetadata   '1.8.2',
139 silly pickManifestFromRegistryMetadata   '1.8.1',
139 silly pickManifestFromRegistryMetadata   '1.8.0',
139 silly pickManifestFromRegistryMetadata   '1.7.0',
139 silly pickManifestFromRegistryMetadata   '1.6.2',
139 silly pickManifestFromRegistryMetadata   '1.6.1',
139 silly pickManifestFromRegistryMetadata   '1.5.3',
139 silly pickManifestFromRegistryMetadata   '1.6.0',
139 silly pickManifestFromRegistryMetadata   '1.5.2',
139 silly pickManifestFromRegistryMetadata   '1.5.1',
139 silly pickManifestFromRegistryMetadata   '1.4.3',
139 silly pickManifestFromRegistryMetadata   '1.4.2',
139 silly pickManifestFromRegistryMetadata   '1.5.0',
139 silly pickManifestFromRegistryMetadata   '1.4.1',
139 silly pickManifestFromRegistryMetadata   '1.4.0',
139 silly pickManifestFromRegistryMetadata   '1.3.0',
139 silly pickManifestFromRegistryMetadata   '1.2.0',
139 silly pickManifestFromRegistryMetadata   '1.1.2',
139 silly pickManifestFromRegistryMetadata   '1.1.1',
139 silly pickManifestFromRegistryMetadata   '1.1.0',
139 silly pickManifestFromRegistryMetadata   '1.0.0',
139 silly pickManifestFromRegistryMetadata   '0.8.0',
139 silly pickManifestFromRegistryMetadata   '0.7.1',
139 silly pickManifestFromRegistryMetadata   '0.7.0',
139 silly pickManifestFromRegistryMetadata   '0.6.0',
139 silly pickManifestFromRegistryMetadata   '0.5.2',
139 silly pickManifestFromRegistryMetadata   '0.5.1',
139 silly pickManifestFromRegistryMetadata   '0.5.0',
139 silly pickManifestFromRegistryMetadata   '0.4.4',
139 silly pickManifestFromRegistryMetadata   '0.4.3',
139 silly pickManifestFromRegistryMetadata   '0.4.2',
139 silly pickManifestFromRegistryMetadata   '0.4.1',
139 silly pickManifestFromRegistryMetadata   '0.4.0',
139 silly pickManifestFromRegistryMetadata   '0.3.2',
139 silly pickManifestFromRegistryMetadata   '0.3.1',
139 silly pickManifestFromRegistryMetadata   '0.3.0',
139 silly pickManifestFromRegistryMetadata   '0.3.0-wip2',
139 silly pickManifestFromRegistryMetadata   '0.3.0-wip' ]
140 silly addNamed nan@latest
141 verbose addNamed "latest" is being treated as a dist-tag for nan
142 info addNameTag [ 'nan', 'latest' ]
143 silly mapToRegistry name nan
144 silly mapToRegistry using default registry
145 silly mapToRegistry registry http://registry.npm.taobao.org/
146 silly mapToRegistry data Result {
146 silly mapToRegistry   raw: 'nan',
146 silly mapToRegistry   scope: null,
146 silly mapToRegistry   escapedName: 'nan',
146 silly mapToRegistry   name: 'nan',
146 silly mapToRegistry   rawSpec: '',
146 silly mapToRegistry   spec: 'latest',
146 silly mapToRegistry   type: 'tag' }
147 silly mapToRegistry uri http://registry.npm.taobao.org/nan
148 verbose addNameTag registry:http://registry.npm.taobao.org/nan already in flight; waiting
149 silly addNameTag next cb for nan with tag latest
150 silly addNamed nan@2.5.1
151 verbose addNamed "2.5.1" is a plain semver version for nan
152 silly cache afterAdd nan@2.5.1
153 verbose afterAdd /Users/jamesonknoll/.npm/nan/2.5.1/package/package.json not in flight; writing
154 verbose correctMkdir /Users/jamesonknoll/.npm correctMkdir not in flight; initializing
155 verbose afterAdd /Users/jamesonknoll/.npm/nan/2.5.1/package/package.json written
156 silly loadAllDepsIntoIdealTree Finishing
157 silly loadIdealTree Finishing
158 silly currentTree lib
159 silly idealTree lib
159 silly idealTree └─┬ contextify@0.1.15
159 silly idealTree   ├── bindings@1.2.1
159 silly idealTree   └── nan@2.5.1
160 silly generateActionsToTake Starting
161 silly install generateActionsToTake
162 silly generateActionsToTake Finishing
163 silly diffTrees action count 3
164 silly diffTrees add bindings@1.2.1
165 silly diffTrees add nan@2.5.1
166 silly diffTrees add contextify@0.1.15
167 silly decomposeActions action count 24
168 silly decomposeActions fetch bindings@1.2.1
169 silly decomposeActions extract bindings@1.2.1
170 silly decomposeActions test bindings@1.2.1
171 silly decomposeActions preinstall bindings@1.2.1
172 silly decomposeActions build bindings@1.2.1
173 silly decomposeActions install bindings@1.2.1
174 silly decomposeActions postinstall bindings@1.2.1
175 silly decomposeActions finalize bindings@1.2.1
176 silly decomposeActions fetch nan@2.5.1
177 silly decomposeActions extract nan@2.5.1
178 silly decomposeActions test nan@2.5.1
179 silly decomposeActions preinstall nan@2.5.1
180 silly decomposeActions build nan@2.5.1
181 silly decomposeActions install nan@2.5.1
182 silly decomposeActions postinstall nan@2.5.1
183 silly decomposeActions finalize nan@2.5.1
184 silly decomposeActions fetch contextify@0.1.15
185 silly decomposeActions extract contextify@0.1.15
186 silly decomposeActions test contextify@0.1.15
187 silly decomposeActions preinstall contextify@0.1.15
188 silly decomposeActions build contextify@0.1.15
189 silly decomposeActions install contextify@0.1.15
190 silly decomposeActions postinstall contextify@0.1.15
191 silly decomposeActions finalize contextify@0.1.15
192 silly runTopLevelLifecycles Starting
193 silly executeActions Starting
194 silly install executeActions
195 silly doSerial global-install 0
196 silly doParallel fetch 3
197 verbose correctMkdir /Users/jamesonknoll/.npm/_locks correctMkdir not in flight; initializing
198 verbose lock using /Users/jamesonknoll/.npm/_locks/staging-0a4663a8c6ee38dc.lock for /Users/jamesonknoll/.nvm/versions/node/v7.7.2/lib/node_modules/.staging
199 silly doParallel extract 3
200 silly extract bindings@1.2.1
201 silly extract nan@2.5.1
202 silly extract contextify@0.1.15
203 verbose unbuild lib/node_modules/.staging/bindings-a4449682
204 verbose unbuild lib/node_modules/.staging/nan-62d485f7
205 verbose unbuild lib/node_modules/.staging/contextify-f99afeba
206 silly gentlyRm /Users/jamesonknoll/.nvm/versions/node/v7.7.2/lib/node_modules/.staging/bindings-a4449682 is being purged from base /Users/jamesonknoll/.nvm/versions/node/v7.7.2
207 verbose gentlyRm don't care about contents; nuking /Users/jamesonknoll/.nvm/versions/node/v7.7.2/lib/node_modules/.staging/bindings-a4449682
208 silly gentlyRm /Users/jamesonknoll/.nvm/versions/node/v7.7.2/lib/node_modules/.staging/nan-62d485f7 is being purged from base /Users/jamesonknoll/.nvm/versions/node/v7.7.2
209 verbose gentlyRm don't care about contents; nuking /Users/jamesonknoll/.nvm/versions/node/v7.7.2/lib/node_modules/.staging/nan-62d485f7
210 verbose tar unpack /Users/jamesonknoll/.npm/bindings/1.2.1/package.tgz
211 verbose tar unpacking to /Users/jamesonknoll/.nvm/versions/node/v7.7.2/lib/node_modules/.staging/bindings-a4449682
212 silly gentlyRm /Users/jamesonknoll/.nvm/versions/node/v7.7.2/lib/node_modules/.staging/bindings-a4449682 is being purged
213 verbose gentlyRm don't care about contents; nuking /Users/jamesonknoll/.nvm/versions/node/v7.7.2/lib/node_modules/.staging/bindings-a4449682
214 silly gentlyRm /Users/jamesonknoll/.nvm/versions/node/v7.7.2/lib/node_modules/.staging/contextify-f99afeba is being purged from base /Users/jamesonknoll/.nvm/versions/node/v7.7.2
215 verbose gentlyRm don't care about contents; nuking /Users/jamesonknoll/.nvm/versions/node/v7.7.2/lib/node_modules/.staging/contextify-f99afeba
216 verbose tar unpack /Users/jamesonknoll/.npm/nan/2.5.1/package.tgz
217 verbose tar unpacking to /Users/jamesonknoll/.nvm/versions/node/v7.7.2/lib/node_modules/.staging/nan-62d485f7
218 silly gentlyRm /Users/jamesonknoll/.nvm/versions/node/v7.7.2/lib/node_modules/.staging/nan-62d485f7 is being purged
219 verbose gentlyRm don't care about contents; nuking /Users/jamesonknoll/.nvm/versions/node/v7.7.2/lib/node_modules/.staging/nan-62d485f7
220 silly gunzTarPerm modes [ '755', '644' ]
221 verbose tar unpack /Users/jamesonknoll/.npm/contextify/0.1.15/package.tgz
222 verbose tar unpacking to /Users/jamesonknoll/.nvm/versions/node/v7.7.2/lib/node_modules/.staging/contextify-f99afeba
223 silly gentlyRm /Users/jamesonknoll/.nvm/versions/node/v7.7.2/lib/node_modules/.staging/contextify-f99afeba is being purged
224 verbose gentlyRm don't care about contents; nuking /Users/jamesonknoll/.nvm/versions/node/v7.7.2/lib/node_modules/.staging/contextify-f99afeba
225 silly gunzTarPerm modes [ '755', '644' ]
226 silly gunzTarPerm modes [ '755', '644' ]
227 silly gunzTarPerm extractEntry package.json
228 silly gunzTarPerm extractEntry package.json
229 silly gunzTarPerm modified mode [ 'package.json', 436, 420 ]
230 silly gunzTarPerm extractEntry package.json
231 silly gunzTarPerm extractEntry README.md
232 silly gunzTarPerm extractEntry bindings.js
233 silly gunzTarPerm extractEntry README.md
234 silly gunzTarPerm modified mode [ 'README.md', 436, 420 ]
235 silly gunzTarPerm extractEntry include_dirs.js
236 silly gunzTarPerm modified mode [ 'include_dirs.js', 436, 420 ]
237 silly gunzTarPerm extractEntry .npmignore
238 silly gunzTarPerm extractEntry README.md
239 silly gunzTarPerm extractEntry nan_converters.h
240 silly gunzTarPerm modified mode [ 'nan_converters.h', 436, 420 ]
241 silly gunzTarPerm extractEntry CHANGELOG.md
242 silly gunzTarPerm modified mode [ 'CHANGELOG.md', 436, 420 ]
243 silly gunzTarPerm extractEntry LICENSE.md
244 silly gunzTarPerm modified mode [ 'LICENSE.md', 436, 420 ]
245 silly gunzTarPerm extractEntry .travis.yml
246 silly gunzTarPerm extractEntry LICENSE.txt
247 silly gunzTarPerm extractEntry doc/node_misc.md
248 silly gunzTarPerm modified mode [ 'doc/node_misc.md', 436, 420 ]
249 silly gunzTarPerm extractEntry doc/asyncworker.md
250 silly gunzTarPerm modified mode [ 'doc/asyncworker.md', 436, 420 ]
251 silly gunzTarPerm extractEntry doc/callback.md
252 silly gunzTarPerm modified mode [ 'doc/callback.md', 436, 420 ]
253 silly gunzTarPerm extractEntry .dntrc
254 silly gunzTarPerm extractEntry binding.gyp
255 silly gunzTarPerm extractEntry doc/converters.md
256 silly gunzTarPerm modified mode [ 'doc/converters.md', 436, 420 ]
257 silly gunzTarPerm extractEntry doc/errors.md
258 silly gunzTarPerm modified mode [ 'doc/errors.md', 436, 420 ]
259 silly gunzTarPerm extractEntry changelog
260 silly gunzTarPerm extractEntry lib/contextify.js
261 silly gunzTarPerm extractEntry test/contextify.js
262 silly gunzTarPerm extractEntry src/contextify.cc
263 silly gunzTarPerm extractEntry wscript
264 silly gunzTarPerm extractEntry doc/maybe_types.md
265 silly gunzTarPerm modified mode [ 'doc/maybe_types.md', 436, 420 ]
266 silly gunzTarPerm extractEntry doc/methods.md
267 silly gunzTarPerm modified mode [ 'doc/methods.md', 436, 420 ]
268 silly gunzTarPerm extractEntry doc/new.md
269 silly gunzTarPerm modified mode [ 'doc/new.md', 436, 420 ]
270 silly gunzTarPerm extractEntry doc/buffers.md
271 silly gunzTarPerm modified mode [ 'doc/buffers.md', 436, 420 ]
272 silly gunzTarPerm extractEntry doc/object_wrappers.md
273 silly gunzTarPerm modified mode [ 'doc/object_wrappers.md', 436, 420 ]
274 silly gentlyRm /Users/jamesonknoll/.nvm/versions/node/v7.7.2/lib/node_modules/.staging/bindings-a4449682/node_modules is being purged
275 verbose gentlyRm don't care about contents; nuking /Users/jamesonknoll/.nvm/versions/node/v7.7.2/lib/node_modules/.staging/bindings-a4449682/node_modules
276 silly gunzTarPerm extractEntry doc/persistent.md
277 silly gunzTarPerm modified mode [ 'doc/persistent.md', 436, 420 ]
278 silly gunzTarPerm extractEntry doc/scopes.md
279 silly gunzTarPerm modified mode [ 'doc/scopes.md', 436, 420 ]
280 silly gunzTarPerm extractEntry doc/script.md
281 silly gunzTarPerm modified mode [ 'doc/script.md', 436, 420 ]
282 silly gunzTarPerm extractEntry doc/string_bytes.md
283 silly gunzTarPerm modified mode [ 'doc/string_bytes.md', 436, 420 ]
284 silly gunzTarPerm extractEntry doc/v8_internals.md
285 silly gunzTarPerm modified mode [ 'doc/v8_internals.md', 436, 420 ]
286 silly gunzTarPerm extractEntry doc/v8_misc.md
287 silly gunzTarPerm modified mode [ 'doc/v8_misc.md', 436, 420 ]
288 silly gunzTarPerm extractEntry nan.h
289 silly gunzTarPerm modified mode [ 'nan.h', 436, 420 ]
290 silly gunzTarPerm extractEntry nan_callbacks.h
291 silly gunzTarPerm modified mode [ 'nan_callbacks.h', 436, 420 ]
292 silly gunzTarPerm extractEntry nan_callbacks_12_inl.h
293 silly gunzTarPerm modified mode [ 'nan_callbacks_12_inl.h', 436, 420 ]
294 silly gunzTarPerm extractEntry nan_callbacks_pre_12_inl.h
295 silly gunzTarPerm modified mode [ 'nan_callbacks_pre_12_inl.h', 436, 420 ]
296 silly gunzTarPerm extractEntry nan_converters_43_inl.h
297 silly gunzTarPerm modified mode [ 'nan_converters_43_inl.h', 436, 420 ]
298 silly gunzTarPerm extractEntry nan_converters_pre_43_inl.h
299 silly gunzTarPerm modified mode [ 'nan_converters_pre_43_inl.h', 436, 420 ]
300 silly gunzTarPerm extractEntry nan_implementation_12_inl.h
301 silly gunzTarPerm modified mode [ 'nan_implementation_12_inl.h', 436, 420 ]
302 silly gunzTarPerm extractEntry nan_implementation_pre_12_inl.h
303 silly gunzTarPerm modified mode [ 'nan_implementation_pre_12_inl.h', 436, 420 ]
304 silly gunzTarPerm extractEntry nan_maybe_43_inl.h
305 silly gunzTarPerm modified mode [ 'nan_maybe_43_inl.h', 436, 420 ]
306 silly gunzTarPerm extractEntry nan_maybe_pre_43_inl.h
307 silly gunzTarPerm modified mode [ 'nan_maybe_pre_43_inl.h', 436, 420 ]
308 silly gunzTarPerm extractEntry nan_new.h
309 silly gunzTarPerm modified mode [ 'nan_new.h', 436, 420 ]
310 silly gunzTarPerm extractEntry nan_object_wrap.h
311 silly gunzTarPerm modified mode [ 'nan_object_wrap.h', 436, 420 ]
312 silly gunzTarPerm extractEntry nan_persistent_12_inl.h
313 silly gunzTarPerm modified mode [ 'nan_persistent_12_inl.h', 436, 420 ]
314 silly gunzTarPerm extractEntry nan_persistent_pre_12_inl.h
315 silly gunzTarPerm modified mode [ 'nan_persistent_pre_12_inl.h', 436, 420 ]
316 silly gunzTarPerm extractEntry nan_private.h
317 silly gunzTarPerm modified mode [ 'nan_private.h', 436, 420 ]
318 silly gunzTarPerm extractEntry nan_string_bytes.h
319 silly gunzTarPerm modified mode [ 'nan_string_bytes.h', 436, 420 ]
320 silly gentlyRm /Users/jamesonknoll/.nvm/versions/node/v7.7.2/lib/node_modules/.staging/contextify-f99afeba/node_modules is being purged
321 verbose gentlyRm don't care about contents; nuking /Users/jamesonknoll/.nvm/versions/node/v7.7.2/lib/node_modules/.staging/contextify-f99afeba/node_modules
322 silly gunzTarPerm extractEntry nan_typedarray_contents.h
323 silly gunzTarPerm modified mode [ 'nan_typedarray_contents.h', 436, 420 ]
324 silly gunzTarPerm extractEntry nan_weak.h
325 silly gunzTarPerm modified mode [ 'nan_weak.h', 436, 420 ]
326 silly gunzTarPerm extractEntry tools/package.json
327 silly gunzTarPerm modified mode [ 'tools/package.json', 436, 420 ]
328 silly gunzTarPerm extractEntry tools/README.md
329 silly gunzTarPerm modified mode [ 'tools/README.md', 436, 420 ]
330 silly gunzTarPerm extractEntry tools/1to2.js
331 silly gunzTarPerm modified mode [ 'tools/1to2.js', 509, 493 ]
332 silly gentlyRm /Users/jamesonknoll/.nvm/versions/node/v7.7.2/lib/node_modules/.staging/nan-62d485f7/node_modules is being purged
333 verbose gentlyRm don't care about contents; nuking /Users/jamesonknoll/.nvm/versions/node/v7.7.2/lib/node_modules/.staging/nan-62d485f7/node_modules
334 silly doParallel preinstall 3
335 silly preinstall bindings@1.2.1
336 info lifecycle bindings@1.2.1~preinstall: bindings@1.2.1
337 silly preinstall nan@2.5.1
338 info lifecycle nan@2.5.1~preinstall: nan@2.5.1
339 silly preinstall contextify@0.1.15
340 info lifecycle contextify@0.1.15~preinstall: contextify@0.1.15
341 silly lifecycle bindings@1.2.1~preinstall: no script for preinstall, continuing
342 silly lifecycle nan@2.5.1~preinstall: no script for preinstall, continuing
343 silly lifecycle contextify@0.1.15~preinstall: no script for preinstall, continuing
344 silly doReverseSerial remove 0
345 silly doSerial move 0
346 silly doSerial finalize 3
347 silly finalize /Users/jamesonknoll/.nvm/versions/node/v7.7.2/lib/node_modules/contextify/node_modules/bindings
348 silly finalize /Users/jamesonknoll/.nvm/versions/node/v7.7.2/lib/node_modules/contextify/node_modules/nan
349 silly finalize /Users/jamesonknoll/.nvm/versions/node/v7.7.2/lib/node_modules/contextify
350 silly doSerial build 3
351 silly build bindings@1.2.1
352 info linkStuff bindings@1.2.1
353 silly linkStuff bindings@1.2.1 has /Users/jamesonknoll/.nvm/versions/node/v7.7.2/lib/node_modules/contextify/node_modules as its parent node_modules
354 silly linkStuff bindings@1.2.1 is part of a global install
355 silly linkStuff bindings@1.2.1 is installed into a global node_modules
356 verbose linkBins bindings@1.2.1
357 verbose linkMans bindings@1.2.1
358 silly build nan@2.5.1
359 info linkStuff nan@2.5.1
360 silly linkStuff nan@2.5.1 has /Users/jamesonknoll/.nvm/versions/node/v7.7.2/lib/node_modules/contextify/node_modules as its parent node_modules
361 silly linkStuff nan@2.5.1 is part of a global install
362 silly linkStuff nan@2.5.1 is installed into a global node_modules
363 verbose linkBins nan@2.5.1
364 verbose linkMans nan@2.5.1
365 silly build contextify@0.1.15
366 info linkStuff contextify@0.1.15
367 silly linkStuff contextify@0.1.15 has /Users/jamesonknoll/.nvm/versions/node/v7.7.2/lib/node_modules as its parent node_modules
368 silly linkStuff contextify@0.1.15 is part of a global install
369 silly linkStuff contextify@0.1.15 is installed into a global node_modules
370 silly linkStuff contextify@0.1.15 is installed into the top-level global node_modules
371 verbose linkBins contextify@0.1.15
372 verbose linkMans contextify@0.1.15
373 silly doSerial global-link 0
374 silly doParallel update-linked 0
375 silly doSerial install 3
376 silly install bindings@1.2.1
377 info lifecycle bindings@1.2.1~install: bindings@1.2.1
378 silly lifecycle bindings@1.2.1~install: no script for install, continuing
379 silly install nan@2.5.1
380 info lifecycle nan@2.5.1~install: nan@2.5.1
381 silly lifecycle nan@2.5.1~install: no script for install, continuing
382 silly install contextify@0.1.15
383 info lifecycle contextify@0.1.15~install: contextify@0.1.15
384 verbose lifecycle contextify@0.1.15~install: unsafe-perm in lifecycle true
385 verbose lifecycle contextify@0.1.15~install: PATH: /Users/jamesonknoll/.nvm/versions/node/v7.7.2/lib/node_modules/npm/bin/node-gyp-bin:/Users/jamesonknoll/.nvm/versions/node/v7.7.2/lib/node_modules/contextify/node_modules/.bin:/Users/jamesonknoll/.nvm/versions/node/v7.7.2/lib/node_modules/.bin:/Users/jamesonknoll/.nvm/versions/node/v7.7.2/bin:/Users/jamesonknoll/.rvm/gems/ruby-2.2.1/bin:/Users/jamesonknoll/.rvm/gems/ruby-2.2.1@global/bin:/Users/jamesonknoll/.rvm/rubies/ruby-2.2.1/bin:/usr/local/bin:/usr/local/sbin:/usr/bin:/bin:/usr/sbin:/sbin:/Users/jamesonknoll/.rvm/bin
386 verbose lifecycle contextify@0.1.15~install: CWD: /Users/jamesonknoll/.nvm/versions/node/v7.7.2/lib/node_modules/contextify
387 silly lifecycle contextify@0.1.15~install: Args: [ '-c', 'node-gyp rebuild' ]
388 silly lifecycle contextify@0.1.15~install: Returned: code: 1  signal: null
389 info lifecycle contextify@0.1.15~install: Failed to exec install script
390 verbose unlock done using /Users/jamesonknoll/.npm/_locks/staging-0a4663a8c6ee38dc.lock for /Users/jamesonknoll/.nvm/versions/node/v7.7.2/lib/node_modules/.staging
391 silly rollbackFailedOptional Starting
392 silly gentlyRm /Users/jamesonknoll/.nvm/versions/node/v7.7.2/lib/node_modules/contextify/node_modules/bindings is being purged from base /Users/jamesonknoll/.nvm/versions/node/v7.7.2/lib
393 verbose gentlyRm don't care about contents; nuking /Users/jamesonknoll/.nvm/versions/node/v7.7.2/lib/node_modules/contextify/node_modules/bindings
394 silly gentlyRm /Users/jamesonknoll/.nvm/versions/node/v7.7.2/lib/node_modules/contextify/node_modules/bindings is being purged from base /Users/jamesonknoll/.nvm/versions/node/v7.7.2/lib
395 verbose gentlyRm don't care about contents; nuking /Users/jamesonknoll/.nvm/versions/node/v7.7.2/lib/node_modules/contextify/node_modules/bindings
396 silly gentlyRm /Users/jamesonknoll/.nvm/versions/node/v7.7.2/lib/node_modules/contextify/node_modules/bindings is being purged from base /Users/jamesonknoll/.nvm/versions/node/v7.7.2/lib
397 verbose gentlyRm don't care about contents; nuking /Users/jamesonknoll/.nvm/versions/node/v7.7.2/lib/node_modules/contextify/node_modules/bindings
398 silly gentlyRm /Users/jamesonknoll/.nvm/versions/node/v7.7.2/lib/node_modules/contextify/node_modules/bindings is being purged from base /Users/jamesonknoll/.nvm/versions/node/v7.7.2/lib
399 verbose gentlyRm don't care about contents; nuking /Users/jamesonknoll/.nvm/versions/node/v7.7.2/lib/node_modules/contextify/node_modules/bindings
400 silly gentlyRm /Users/jamesonknoll/.nvm/versions/node/v7.7.2/lib/node_modules/contextify/node_modules/bindings is being purged from base /Users/jamesonknoll/.nvm/versions/node/v7.7.2/lib
401 verbose gentlyRm don't care about contents; nuking /Users/jamesonknoll/.nvm/versions/node/v7.7.2/lib/node_modules/contextify/node_modules/bindings
402 silly gentlyRm /Users/jamesonknoll/.nvm/versions/node/v7.7.2/lib/node_modules/contextify/node_modules/bindings is being purged from base /Users/jamesonknoll/.nvm/versions/node/v7.7.2/lib
403 verbose gentlyRm don't care about contents; nuking /Users/jamesonknoll/.nvm/versions/node/v7.7.2/lib/node_modules/contextify/node_modules/bindings
404 silly gentlyRm /Users/jamesonknoll/.nvm/versions/node/v7.7.2/lib/node_modules/contextify/node_modules/bindings is being purged from base /Users/jamesonknoll/.nvm/versions/node/v7.7.2/lib
405 verbose gentlyRm don't care about contents; nuking /Users/jamesonknoll/.nvm/versions/node/v7.7.2/lib/node_modules/contextify/node_modules/bindings
406 silly gentlyRm /Users/jamesonknoll/.nvm/versions/node/v7.7.2/lib/node_modules/contextify/node_modules/bindings is being purged from base /Users/jamesonknoll/.nvm/versions/node/v7.7.2/lib
407 verbose gentlyRm don't care about contents; nuking /Users/jamesonknoll/.nvm/versions/node/v7.7.2/lib/node_modules/contextify/node_modules/bindings
408 silly gentlyRm /Users/jamesonknoll/.nvm/versions/node/v7.7.2/lib/node_modules/contextify/node_modules/nan is being purged from base /Users/jamesonknoll/.nvm/versions/node/v7.7.2/lib
409 verbose gentlyRm don't care about contents; nuking /Users/jamesonknoll/.nvm/versions/node/v7.7.2/lib/node_modules/contextify/node_modules/nan
410 silly gentlyRm /Users/jamesonknoll/.nvm/versions/node/v7.7.2/lib/node_modules/contextify/node_modules/nan is being purged from base /Users/jamesonknoll/.nvm/versions/node/v7.7.2/lib
411 verbose gentlyRm don't care about contents; nuking /Users/jamesonknoll/.nvm/versions/node/v7.7.2/lib/node_modules/contextify/node_modules/nan
412 silly gentlyRm /Users/jamesonknoll/.nvm/versions/node/v7.7.2/lib/node_modules/contextify/node_modules/nan is being purged from base /Users/jamesonknoll/.nvm/versions/node/v7.7.2/lib
413 verbose gentlyRm don't care about contents; nuking /Users/jamesonknoll/.nvm/versions/node/v7.7.2/lib/node_modules/contextify/node_modules/nan
414 silly gentlyRm /Users/jamesonknoll/.nvm/versions/node/v7.7.2/lib/node_modules/contextify/node_modules/nan is being purged from base /Users/jamesonknoll/.nvm/versions/node/v7.7.2/lib
415 verbose gentlyRm don't care about contents; nuking /Users/jamesonknoll/.nvm/versions/node/v7.7.2/lib/node_modules/contextify/node_modules/nan
416 silly gentlyRm /Users/jamesonknoll/.nvm/versions/node/v7.7.2/lib/node_modules/contextify/node_modules/nan is being purged from base /Users/jamesonknoll/.nvm/versions/node/v7.7.2/lib
417 verbose gentlyRm don't care about contents; nuking /Users/jamesonknoll/.nvm/versions/node/v7.7.2/lib/node_modules/contextify/node_modules/nan
418 silly gentlyRm /Users/jamesonknoll/.nvm/versions/node/v7.7.2/lib/node_modules/contextify/node_modules/nan is being purged from base /Users/jamesonknoll/.nvm/versions/node/v7.7.2/lib
419 verbose gentlyRm don't care about contents; nuking /Users/jamesonknoll/.nvm/versions/node/v7.7.2/lib/node_modules/contextify/node_modules/nan
420 silly gentlyRm /Users/jamesonknoll/.nvm/versions/node/v7.7.2/lib/node_modules/contextify/node_modules/nan is being purged from base /Users/jamesonknoll/.nvm/versions/node/v7.7.2/lib
421 verbose gentlyRm don't care about contents; nuking /Users/jamesonknoll/.nvm/versions/node/v7.7.2/lib/node_modules/contextify/node_modules/nan
422 silly gentlyRm /Users/jamesonknoll/.nvm/versions/node/v7.7.2/lib/node_modules/contextify/node_modules/nan is being purged from base /Users/jamesonknoll/.nvm/versions/node/v7.7.2/lib
423 verbose gentlyRm don't care about contents; nuking /Users/jamesonknoll/.nvm/versions/node/v7.7.2/lib/node_modules/contextify/node_modules/nan
424 silly gentlyRm /Users/jamesonknoll/.nvm/versions/node/v7.7.2/lib/node_modules/contextify is being purged from base /Users/jamesonknoll/.nvm/versions/node/v7.7.2/lib
425 verbose gentlyRm don't care about contents; nuking /Users/jamesonknoll/.nvm/versions/node/v7.7.2/lib/node_modules/contextify
426 silly gentlyRm /Users/jamesonknoll/.nvm/versions/node/v7.7.2/lib/node_modules/contextify is being purged from base /Users/jamesonknoll/.nvm/versions/node/v7.7.2/lib
427 verbose gentlyRm don't care about contents; nuking /Users/jamesonknoll/.nvm/versions/node/v7.7.2/lib/node_modules/contextify
428 silly gentlyRm /Users/jamesonknoll/.nvm/versions/node/v7.7.2/lib/node_modules/contextify is being purged from base /Users/jamesonknoll/.nvm/versions/node/v7.7.2/lib
429 verbose gentlyRm don't care about contents; nuking /Users/jamesonknoll/.nvm/versions/node/v7.7.2/lib/node_modules/contextify
430 silly gentlyRm /Users/jamesonknoll/.nvm/versions/node/v7.7.2/lib/node_modules/contextify is being purged from base /Users/jamesonknoll/.nvm/versions/node/v7.7.2/lib
431 verbose gentlyRm don't care about contents; nuking /Users/jamesonknoll/.nvm/versions/node/v7.7.2/lib/node_modules/contextify
432 silly gentlyRm /Users/jamesonknoll/.nvm/versions/node/v7.7.2/lib/node_modules/contextify is being purged from base /Users/jamesonknoll/.nvm/versions/node/v7.7.2/lib
433 verbose gentlyRm don't care about contents; nuking /Users/jamesonknoll/.nvm/versions/node/v7.7.2/lib/node_modules/contextify
434 silly gentlyRm /Users/jamesonknoll/.nvm/versions/node/v7.7.2/lib/node_modules/contextify is being purged from base /Users/jamesonknoll/.nvm/versions/node/v7.7.2/lib
435 verbose gentlyRm don't care about contents; nuking /Users/jamesonknoll/.nvm/versions/node/v7.7.2/lib/node_modules/contextify
436 silly gentlyRm /Users/jamesonknoll/.nvm/versions/node/v7.7.2/lib/node_modules/contextify is being purged from base /Users/jamesonknoll/.nvm/versions/node/v7.7.2/lib
437 verbose gentlyRm don't care about contents; nuking /Users/jamesonknoll/.nvm/versions/node/v7.7.2/lib/node_modules/contextify
438 silly gentlyRm /Users/jamesonknoll/.nvm/versions/node/v7.7.2/lib/node_modules/contextify is being purged from base /Users/jamesonknoll/.nvm/versions/node/v7.7.2/lib
439 verbose gentlyRm don't care about contents; nuking /Users/jamesonknoll/.nvm/versions/node/v7.7.2/lib/node_modules/contextify
440 silly vacuum-fs purging /Users/jamesonknoll/.nvm/versions/node/v7.7.2/lib/node_modules/contextify/node_modules/bindings
441 silly vacuum-fs purging /Users/jamesonknoll/.nvm/versions/node/v7.7.2/lib/node_modules/contextify/node_modules/bindings
442 silly vacuum-fs purging /Users/jamesonknoll/.nvm/versions/node/v7.7.2/lib/node_modules/contextify/node_modules/bindings
443 silly vacuum-fs purging /Users/jamesonknoll/.nvm/versions/node/v7.7.2/lib/node_modules/contextify/node_modules/bindings
444 silly vacuum-fs purging /Users/jamesonknoll/.nvm/versions/node/v7.7.2/lib/node_modules/contextify/node_modules/bindings
445 silly vacuum-fs purging /Users/jamesonknoll/.nvm/versions/node/v7.7.2/lib/node_modules/contextify/node_modules/bindings
446 silly vacuum-fs purging /Users/jamesonknoll/.nvm/versions/node/v7.7.2/lib/node_modules/contextify/node_modules/bindings
447 silly vacuum-fs purging /Users/jamesonknoll/.nvm/versions/node/v7.7.2/lib/node_modules/contextify/node_modules/bindings
448 silly vacuum-fs purging /Users/jamesonknoll/.nvm/versions/node/v7.7.2/lib/node_modules/contextify/node_modules/nan
449 silly vacuum-fs purging /Users/jamesonknoll/.nvm/versions/node/v7.7.2/lib/node_modules/contextify/node_modules/nan
450 silly vacuum-fs purging /Users/jamesonknoll/.nvm/versions/node/v7.7.2/lib/node_modules/contextify/node_modules/nan
451 silly vacuum-fs purging /Users/jamesonknoll/.nvm/versions/node/v7.7.2/lib/node_modules/contextify/node_modules/nan
452 silly vacuum-fs purging /Users/jamesonknoll/.nvm/versions/node/v7.7.2/lib/node_modules/contextify/node_modules/nan
453 silly vacuum-fs purging /Users/jamesonknoll/.nvm/versions/node/v7.7.2/lib/node_modules/contextify/node_modules/nan
454 silly vacuum-fs purging /Users/jamesonknoll/.nvm/versions/node/v7.7.2/lib/node_modules/contextify/node_modules/nan
455 silly vacuum-fs purging /Users/jamesonknoll/.nvm/versions/node/v7.7.2/lib/node_modules/contextify/node_modules/nan
456 silly vacuum-fs purging /Users/jamesonknoll/.nvm/versions/node/v7.7.2/lib/node_modules/contextify
457 silly vacuum-fs purging /Users/jamesonknoll/.nvm/versions/node/v7.7.2/lib/node_modules/contextify
458 silly vacuum-fs purging /Users/jamesonknoll/.nvm/versions/node/v7.7.2/lib/node_modules/contextify
459 silly vacuum-fs purging /Users/jamesonknoll/.nvm/versions/node/v7.7.2/lib/node_modules/contextify
460 silly vacuum-fs purging /Users/jamesonknoll/.nvm/versions/node/v7.7.2/lib/node_modules/contextify
461 silly vacuum-fs purging /Users/jamesonknoll/.nvm/versions/node/v7.7.2/lib/node_modules/contextify
462 silly vacuum-fs purging /Users/jamesonknoll/.nvm/versions/node/v7.7.2/lib/node_modules/contextify
463 silly vacuum-fs purging /Users/jamesonknoll/.nvm/versions/node/v7.7.2/lib/node_modules/contextify
464 silly vacuum-fs quitting because other entries in /Users/jamesonknoll/.nvm/versions/node/v7.7.2/lib/node_modules/contextify/node_modules
465 silly vacuum-fs quitting because other entries in /Users/jamesonknoll/.nvm/versions/node/v7.7.2/lib/node_modules/contextify/node_modules
466 silly vacuum-fs quitting because other entries in /Users/jamesonknoll/.nvm/versions/node/v7.7.2/lib/node_modules/contextify/node_modules
467 silly vacuum-fs quitting because other entries in /Users/jamesonknoll/.nvm/versions/node/v7.7.2/lib/node_modules/contextify/node_modules
468 silly vacuum-fs quitting because other entries in /Users/jamesonknoll/.nvm/versions/node/v7.7.2/lib/node_modules/contextify/node_modules
469 silly vacuum-fs quitting because other entries in /Users/jamesonknoll/.nvm/versions/node/v7.7.2/lib/node_modules/contextify/node_modules
470 silly vacuum-fs quitting because other entries in /Users/jamesonknoll/.nvm/versions/node/v7.7.2/lib/node_modules/contextify/node_modules
471 silly vacuum-fs quitting because other entries in /Users/jamesonknoll/.nvm/versions/node/v7.7.2/lib/node_modules/contextify/node_modules
472 silly vacuum-fs removing /Users/jamesonknoll/.nvm/versions/node/v7.7.2/lib/node_modules/contextify/node_modules
473 silly vacuum-fs removing /Users/jamesonknoll/.nvm/versions/node/v7.7.2/lib/node_modules/contextify/node_modules
474 silly vacuum-fs removing /Users/jamesonknoll/.nvm/versions/node/v7.7.2/lib/node_modules/contextify/node_modules
475 silly vacuum-fs removing /Users/jamesonknoll/.nvm/versions/node/v7.7.2/lib/node_modules/contextify/node_modules
476 silly vacuum-fs removing /Users/jamesonknoll/.nvm/versions/node/v7.7.2/lib/node_modules/contextify/node_modules
477 silly vacuum-fs removing /Users/jamesonknoll/.nvm/versions/node/v7.7.2/lib/node_modules/contextify/node_modules
478 silly vacuum-fs removing /Users/jamesonknoll/.nvm/versions/node/v7.7.2/lib/node_modules/contextify/node_modules
479 silly vacuum-fs quitting because other entries in /Users/jamesonknoll/.nvm/versions/node/v7.7.2/lib/node_modules
480 silly vacuum-fs quitting because other entries in /Users/jamesonknoll/.nvm/versions/node/v7.7.2/lib/node_modules
481 silly vacuum-fs quitting because other entries in /Users/jamesonknoll/.nvm/versions/node/v7.7.2/lib/node_modules
482 silly vacuum-fs quitting because other entries in /Users/jamesonknoll/.nvm/versions/node/v7.7.2/lib/node_modules
483 silly vacuum-fs quitting because other entries in /Users/jamesonknoll/.nvm/versions/node/v7.7.2/lib/node_modules
484 silly vacuum-fs quitting because other entries in /Users/jamesonknoll/.nvm/versions/node/v7.7.2/lib/node_modules
485 silly vacuum-fs quitting because other entries in /Users/jamesonknoll/.nvm/versions/node/v7.7.2/lib/node_modules
486 silly vacuum-fs quitting because other entries in /Users/jamesonknoll/.nvm/versions/node/v7.7.2/lib/node_modules
487 silly rollbackFailedOptional Finishing
488 silly runTopLevelLifecycles Finishing
489 silly install printInstalled
490 verbose stack Error: contextify@0.1.15 install: `node-gyp rebuild`
490 verbose stack Exit status 1
490 verbose stack     at EventEmitter.<anonymous> (/Users/jamesonknoll/.nvm/versions/node/v7.7.2/lib/node_modules/npm/lib/utils/lifecycle.js:279:16)
490 verbose stack     at emitTwo (events.js:106:13)
490 verbose stack     at EventEmitter.emit (events.js:194:7)
490 verbose stack     at ChildProcess.<anonymous> (/Users/jamesonknoll/.nvm/versions/node/v7.7.2/lib/node_modules/npm/lib/utils/spawn.js:40:14)
490 verbose stack     at emitTwo (events.js:106:13)
490 verbose stack     at ChildProcess.emit (events.js:194:7)
490 verbose stack     at maybeClose (internal/child_process.js:899:16)
490 verbose stack     at Process.ChildProcess._handle.onexit (internal/child_process.js:226:5)
491 verbose pkgid contextify@0.1.15
492 verbose cwd /Users/jamesonknoll/development/mentorverse/99-dreams/src
493 error Darwin 16.4.0
494 error argv "/Users/jamesonknoll/.nvm/versions/node/v7.7.2/bin/node" "/Users/jamesonknoll/.nvm/versions/node/v7.7.2/bin/npm" "install" "-g" "contextify"
495 error node v7.7.2
496 error npm  v4.1.2
497 error code ELIFECYCLE
498 error contextify@0.1.15 install: `node-gyp rebuild`
498 error Exit status 1
499 error Failed at the contextify@0.1.15 install script 'node-gyp rebuild'.
499 error Make sure you have the latest version of node.js and npm installed.
499 error If you do, this is most likely a problem with the contextify package,
499 error not with npm itself.
499 error Tell the author that this fails on your system:
499 error     node-gyp rebuild
499 error You can get information on how to open an issue for this project with:
499 error     npm bugs contextify
499 error Or if that isn't available, you can get their info via:
499 error     npm owner ls contextify
499 error There is likely additional logging output above.
500 verbose exit [ 1, true ]
